dgcnn_pointaugment_4096
Using GPU
Epoch: 1, Training - Augmentor Loss: 0.8742864309412349, Training - Classifier Loss: 285.32254831989604, Training F1: 0.12828825781554698, Validation Loss: 0.1378875832851158, Validation F1: 0.1703758375748952, Best F1: 0.1703758375748952 at Epoch 1
Training Classes: [ 0  1  2  3  4  5  6  7  8  9 10 11 12 13 14 15 16 17 18 19 20 21 22 23
 24 25 26 27 28 29 30 32], Validation Classes: [ 0  6  8  9 15 16 19 20 21 22 24 25 26]
Augmentor LR: 0.0001, Trigger Times: 0, Scheduler: Plateau
Classifier LR: 0.0001, Trigger Times: 0, Scheduler: Plateau
Epoch: 2, Training - Augmentor Loss: 0.7969144228918594, Training - Classifier Loss: 276.67047389348346, Training F1: 0.20726684322340713, Validation Loss: 0.13695690040868397, Validation F1: 0.2385900309757444, Best F1: 0.2385900309757444 at Epoch 2
Training Classes: [ 0  5  6  8  9 11 15 16 19 20 21 22 23 24 25 26 27 28 29], Validation Classes: [ 0  5  6  8  9 11 15 16 19 20 21 22 23 24 25 26 27 28 29]
Augmentor LR: 0.0001, Trigger Times: 0, Scheduler: Plateau
Classifier LR: 0.0001, Trigger Times: 0, Scheduler: Plateau
Epoch: 3, Training - Augmentor Loss: 1.0284846496894413, Training - Classifier Loss: 270.9942460854848, Training F1: 0.30083383043026474, Validation Loss: 0.13461332143463703, Validation F1: 0.2929315920840621, Best F1: 0.2929315920840621 at Epoch 3
Training Classes: [ 0  2  3  5  6  8  9 11 15 16 17 18 19 20 21 22 23 24 25 26 27 28 29], Validation Classes: [ 0  2  3  5  6  8  9 11 15 16 17 18 19 20 21 22 23 24 25 26 27 28 29]
Augmentor LR: 0.0001, Trigger Times: 0, Scheduler: Plateau
Classifier LR: 0.0001, Trigger Times: 0, Scheduler: Plateau
Epoch: 4, Training - Augmentor Loss: 1.1307951157129235, Training - Classifier Loss: 267.18575722972554, Training F1: 0.3555230004265182, Validation Loss: 0.13428443801530937, Validation F1: 0.30164479976464953, Best F1: 0.30164479976464953 at Epoch 4
Training Classes: [ 0  2  3  5  6  8  9 11 15 16 17 18 19 20 21 22 23 24 25 26 27 28 29], Validation Classes: [ 0  2  3  5  6  8  9 11 15 16 17 18 19 20 21 22 23 24 25 26 27 28 29]
Augmentor LR: 0.0001, Trigger Times: 0, Scheduler: Plateau
Classifier LR: 0.0001, Trigger Times: 0, Scheduler: Plateau
Epoch: 5, Training - Augmentor Loss: 1.2389673711386422, Training - Classifier Loss: 264.7418395082156, Training F1: 0.3861424805530627, Validation Loss: 0.13297603320159998, Validation F1: 0.31979373143523726, Best F1: 0.31979373143523726 at Epoch 5
Training Classes: [ 0  2  3  5  6  7  8  9 11 15 16 17 18 19 20 21 22 23 24 25 26 27 28 29
 30], Validation Classes: [ 0  2  3  5  6  7  8  9 11 15 16 17 18 19 20 21 22 23 24 25 26 27 28 29
 30]
Augmentor LR: 0.0001, Trigger Times: 0, Scheduler: Plateau
Classifier LR: 0.0001, Trigger Times: 0, Scheduler: Plateau
Epoch: 6, Training - Augmentor Loss: 1.2895370627350833, Training - Classifier Loss: 262.42921284834546, Training F1: 0.4182115388502164, Validation Loss: 0.13341847736912216, Validation F1: 0.3204127451632415, Best F1: 0.3204127451632415 at Epoch 6
Training Classes: [ 0  2  3  5  6  7  8  9 11 15 16 17 18 19 20 21 22 23 24 25 26 27 28 29
 30], Validation Classes: [ 0  2  3  5  6  7  8  9 11 15 16 17 18 19 20 21 22 23 24 25 26 27 28 29
 30]
Augmentor LR: 0.0001, Trigger Times: 0, Scheduler: Plateau
Classifier LR: 0.0001, Trigger Times: 0, Scheduler: Plateau
Epoch: 7, Training - Augmentor Loss: 1.2648057026647923, Training - Classifier Loss: 260.97222315271694, Training F1: 0.43368357308950983, Validation Loss: 0.1327138450575171, Validation F1: 0.3267354127564055, Best F1: 0.3267354127564055 at Epoch 7
Training Classes: [ 0  1  2  3  5  6  7  8  9 11 15 16 17 18 19 20 21 22 23 24 25 26 27 28
 29 30], Validation Classes: [ 0  1  2  3  5  6  7  8  9 11 15 16 17 18 19 20 21 22 23 24 25 26 27 28
 29 30]
Augmentor LR: 0.0001, Trigger Times: 0, Scheduler: Plateau
Classifier LR: 0.0001, Trigger Times: 0, Scheduler: Plateau
Epoch: 8, Training - Augmentor Loss: 1.3882253989716749, Training - Classifier Loss: 259.4223580857118, Training F1: 0.45427061893339804, Validation Loss: 0.13230735511176672, Validation F1: 0.352420335775827, Best F1: 0.352420335775827 at Epoch 8
Training Classes: [ 0  1  2  3  5  6  7  8  9 11 15 16 17 18 19 20 21 22 23 24 25 26 27 28
 29 30], Validation Classes: [ 0  1  2  3  5  6  7  8  9 11 15 16 17 18 19 20 21 22 23 24 25 26 27 28
 29 30]
Augmentor LR: 0.0001, Trigger Times: 0, Scheduler: Plateau
Classifier LR: 0.0001, Trigger Times: 0, Scheduler: Plateau
Epoch: 9, Training - Augmentor Loss: 1.349728992235517, Training - Classifier Loss: 258.0067165195942, Training F1: 0.4753667099302411, Validation Loss: 0.1303568967380879, Validation F1: 0.42100023576371187, Best F1: 0.42100023576371187 at Epoch 9
Training Classes: [ 0  1  2  3  5  6  7  8  9 11 13 14 15 16 17 18 19 20 21 22 23 24 25 26
 27 28 29 30], Validation Classes: [ 0  1  2  3  5  6  7  8  9 11 13 14 15 16 17 18 19 20 21 22 23 24 25 26
 27 28 29 30]
Augmentor LR: 0.0001, Trigger Times: 0, Scheduler: Plateau
Classifier LR: 0.0001, Trigger Times: 0, Scheduler: Plateau
Epoch: 10, Training - Augmentor Loss: 1.3760795460426987, Training - Classifier Loss: 256.51443457603455, Training F1: 0.5070737745303441, Validation Loss: 0.1283899316136141, Validation F1: 0.46740327482435834, Best F1: 0.46740327482435834 at Epoch 10
Training Classes: [ 0  1  2  3  5  6  7  8  9 11 13 14 15 16 17 18 19 20 21 22 23 24 25 26
 27 28 29 30], Validation Classes: [ 0  1  2  3  5  6  7  8  9 11 13 14 15 16 17 18 19 20 21 22 23 24 25 26
 27 28 29 30]
Augmentor LR: 0.0001, Trigger Times: 0, Scheduler: Plateau
Classifier LR: 0.0001, Trigger Times: 0, Scheduler: Plateau
Epoch: 11, Training - Augmentor Loss: 1.4420306192993546, Training - Classifier Loss: 255.06337522466978, Training F1: 0.5228513952299404, Validation Loss: 0.12833956767447852, Validation F1: 0.46029972040474, Best F1: 0.46740327482435834 at Epoch 10
Training Classes: [ 0  1  2  3  5  6  7  8  9 11 13 14 15 16 17 18 19 20 21 22 23 24 25 26
 27 28 29 30], Validation Classes: [ 0  1  2  3  5  6  7  8  9 11 13 14 15 16 17 18 19 20 21 22 23 24 25 26
 27 28 29 30]
Augmentor LR: 0.0001, Trigger Times: 1, Scheduler: Plateau
Classifier LR: 0.0001, Trigger Times: 1, Scheduler: Plateau
Epoch: 12, Training - Augmentor Loss: 1.4251749359445967, Training - Classifier Loss: 254.20889340837797, Training F1: 0.5330815196856874, Validation Loss: 0.1280337765282793, Validation F1: 0.4664857347879304, Best F1: 0.46740327482435834 at Epoch 10
Training Classes: [ 0  1  2  3  5  6  7  8  9 11 13 14 15 16 17 18 19 20 21 22 23 24 25 26
 27 28 29 30], Validation Classes: [ 0  1  2  3  5  6  7  8  9 11 13 14 15 16 17 18 19 20 21 22 23 24 25 26
 27 28 29 30]
Augmentor LR: 0.0001, Trigger Times: 2, Scheduler: Plateau
Classifier LR: 0.0001, Trigger Times: 2, Scheduler: Plateau
Epoch: 13, Training - Augmentor Loss: 1.5073498339182454, Training - Classifier Loss: 253.3582916955153, Training F1: 0.5414182361708346, Validation Loss: 0.12838534040682603, Validation F1: 0.4689459121956229, Best F1: 0.4689459121956229 at Epoch 13
Training Classes: [ 0  1  2  3  5  6  7  8  9 11 13 14 15 16 17 18 19 20 21 22 23 24 25 26
 27 28 29 30], Validation Classes: [ 0  1  2  3  5  6  7  8  9 11 13 14 15 16 17 18 19 20 21 22 23 24 25 26
 27 28 29 30]
Augmentor LR: 0.0001, Trigger Times: 0, Scheduler: Plateau
Classifier LR: 0.0001, Trigger Times: 0, Scheduler: Plateau
Epoch: 14, Training - Augmentor Loss: 1.5804018600853549, Training - Classifier Loss: 252.53467599550882, Training F1: 0.549341847885638, Validation Loss: 0.12809139614654488, Validation F1: 0.47566563955613467, Best F1: 0.47566563955613467 at Epoch 14
Training Classes: [ 0  1  2  3  5  6  7  8  9 11 13 14 15 16 17 18 19 20 21 22 23 24 25 26
 27 28 29 30], Validation Classes: [ 0  1  2  3  5  6  7  8  9 11 13 14 15 16 17 18 19 20 21 22 23 24 25 26
 27 28 29 30]
Augmentor LR: 0.0001, Trigger Times: 0, Scheduler: Plateau
Classifier LR: 0.0001, Trigger Times: 0, Scheduler: Plateau
Epoch: 15, Training - Augmentor Loss: 1.4643137206257961, Training - Classifier Loss: 251.42758135000864, Training F1: 0.5648130814989166, Validation Loss: 0.1279766932508489, Validation F1: 0.4780776217190739, Best F1: 0.4780776217190739 at Epoch 15
Training Classes: [ 0  1  2  3  5  6  7  8  9 11 13 14 15 16 17 18 19 20 21 22 23 24 25 26
 27 28 29 30], Validation Classes: [ 0  1  2  3  5  6  7  8  9 11 13 14 15 16 17 18 19 20 21 22 23 24 25 26
 27 28 29 30]
Augmentor LR: 0.0001, Trigger Times: 0, Scheduler: Plateau
Classifier LR: 0.0001, Trigger Times: 0, Scheduler: Plateau
Epoch: 16, Training - Augmentor Loss: 1.3851606422328284, Training - Classifier Loss: 250.44382534424463, Training F1: 0.5749533089463328, Validation Loss: 0.1266003185446689, Validation F1: 0.4899859833998296, Best F1: 0.4899859833998296 at Epoch 16
Training Classes: [ 0  1  2  3  5  6  7  8  9 11 13 14 15 16 17 18 19 20 21 22 23 24 25 26
 27 28 29 30], Validation Classes: [ 0  1  2  3  5  6  7  8  9 11 13 14 15 16 17 18 19 20 21 22 23 24 25 26
 27 28 29 30]
Augmentor LR: 0.0001, Trigger Times: 0, Scheduler: Plateau
Classifier LR: 0.0001, Trigger Times: 0, Scheduler: Plateau
Epoch: 17, Training - Augmentor Loss: 1.4628524596331165, Training - Classifier Loss: 250.01960493127504, Training F1: 0.5787423188823182, Validation Loss: 0.12662894479438183, Validation F1: 0.5039822509610715, Best F1: 0.5039822509610715 at Epoch 17
Training Classes: [ 0  1  2  3  5  6  7  8  9 11 13 14 15 16 17 18 19 20 21 22 23 24 25 26
 27 28 29 30], Validation Classes: [ 0  1  2  3  5  6  7  8  9 11 13 14 15 16 17 18 19 20 21 22 23 24 25 26
 27 28 29 30]
Augmentor LR: 0.0001, Trigger Times: 0, Scheduler: Plateau
Classifier LR: 0.0001, Trigger Times: 0, Scheduler: Plateau
Epoch: 18, Training - Augmentor Loss: 1.4555237780114112, Training - Classifier Loss: 249.2418291370074, Training F1: 0.5880862544614895, Validation Loss: 0.12704970498733908, Validation F1: 0.4994924573473337, Best F1: 0.5039822509610715 at Epoch 17
Training Classes: [ 0  1  2  3  5  6  7  8  9 11 13 14 15 16 17 18 19 20 21 22 23 24 25 26
 27 28 29 30], Validation Classes: [ 0  1  2  3  5  6  7  8  9 11 13 14 15 16 17 18 19 20 21 22 23 24 25 26
 27 28 29 30]
Augmentor LR: 0.0001, Trigger Times: 1, Scheduler: Plateau
Classifier LR: 0.0001, Trigger Times: 1, Scheduler: Plateau
Epoch: 19, Training - Augmentor Loss: 1.5158161623027506, Training - Classifier Loss: 249.03236684203148, Training F1: 0.5892216988289017, Validation Loss: 0.12681045066428548, Validation F1: 0.4902799166407141, Best F1: 0.5039822509610715 at Epoch 17
Training Classes: [ 0  1  2  3  5  6  7  8  9 11 13 14 15 16 17 18 19 20 21 22 23 24 25 26
 27 28 29 30], Validation Classes: [ 0  1  2  3  5  6  7  8  9 11 13 14 15 16 17 18 19 20 21 22 23 24 25 26
 27 28 29 30]
Augmentor LR: 0.0001, Trigger Times: 2, Scheduler: Plateau
Classifier LR: 0.0001, Trigger Times: 2, Scheduler: Plateau
Epoch: 20, Training - Augmentor Loss: 1.4681153619433946, Training - Classifier Loss: 248.44352047642073, Training F1: 0.5955473321485196, Validation Loss: 0.12603768529628107, Validation F1: 0.5096896680760189, Best F1: 0.5096896680760189 at Epoch 20
Training Classes: [ 0  1  2  3  5  6  7  8  9 11 13 14 15 16 17 18 19 20 21 22 23 24 25 26
 27 28 29 30], Validation Classes: [ 0  1  2  3  5  6  7  8  9 11 13 14 15 16 17 18 19 20 21 22 23 24 25 26
 27 28 29 30]
Augmentor LR: 0.0001, Trigger Times: 0, Scheduler: Plateau
Classifier LR: 0.0001, Trigger Times: 0, Scheduler: Plateau
Epoch: 21, Training - Augmentor Loss: 1.459218374218229, Training - Classifier Loss: 247.899883021911, Training F1: 0.6019621028271471, Validation Loss: 0.12564127395410177, Validation F1: 0.5044110678502546, Best F1: 0.5096896680760189 at Epoch 20
Training Classes: [ 0  1  2  3  5  6  7  8  9 11 13 14 15 16 17 18 19 20 21 22 23 24 25 26
 27 28 29 30], Validation Classes: [ 0  1  2  3  5  6  7  8  9 11 13 14 15 16 17 18 19 20 21 22 23 24 25 26
 27 28 29 30]
Augmentor LR: 0.0001, Trigger Times: 1, Scheduler: Plateau
Classifier LR: 0.0001, Trigger Times: 1, Scheduler: Plateau
Epoch: 22, Training - Augmentor Loss: 1.4574312722494749, Training - Classifier Loss: 247.80764058232307, Training F1: 0.6032369520592842, Validation Loss: 0.12635385539153415, Validation F1: 0.5003219566518333, Best F1: 0.5096896680760189 at Epoch 20
Training Classes: [ 0  1  2  3  5  6  7  8  9 11 13 14 15 16 17 18 19 20 21 22 23 24 25 26
 27 28 29 30], Validation Classes: [ 0  1  2  3  5  6  7  8  9 11 13 14 15 16 17 18 19 20 21 22 23 24 25 26
 27 28 29 30]
Augmentor LR: 0.0001, Trigger Times: 2, Scheduler: Plateau
Classifier LR: 0.0001, Trigger Times: 2, Scheduler: Plateau
Epoch: 23, Training - Augmentor Loss: 1.4736666994200884, Training - Classifier Loss: 247.35213645299277, Training F1: 0.607131491087408, Validation Loss: 0.12557302162110098, Validation F1: 0.5127860823306544, Best F1: 0.5127860823306544 at Epoch 23
Training Classes: [ 0  1  2  3  5  6  7  8  9 11 13 14 15 16 17 18 19 20 21 22 23 24 25 26
 27 28 29 30], Validation Classes: [ 0  1  2  3  5  6  7  8  9 11 13 14 15 16 17 18 19 20 21 22 23 24 25 26
 27 28 29 30]
Augmentor LR: 0.0001, Trigger Times: 0, Scheduler: Plateau
Classifier LR: 0.0001, Trigger Times: 0, Scheduler: Plateau
Epoch: 24, Training - Augmentor Loss: 1.4228765784707018, Training - Classifier Loss: 246.81848421692848, Training F1: 0.6122374460108132, Validation Loss: 0.12608372848764912, Validation F1: 0.5121719348646583, Best F1: 0.5127860823306544 at Epoch 23
Training Classes: [ 0  1  2  3  5  6  7  8  9 11 13 14 15 16 17 18 19 20 21 22 23 24 25 26
 27 28 29 30], Validation Classes: [ 0  1  2  3  5  6  7  8  9 11 13 14 15 16 17 18 19 20 21 22 23 24 25 26
 27 28 29 30]
Augmentor LR: 0.0001, Trigger Times: 1, Scheduler: Plateau
Classifier LR: 0.0001, Trigger Times: 1, Scheduler: Plateau
Epoch: 25, Training - Augmentor Loss: 1.3516112362352335, Training - Classifier Loss: 246.82637403408685, Training F1: 0.6143749403288864, Validation Loss: 0.12508937102263423, Validation F1: 0.5175905417809057, Best F1: 0.5175905417809057 at Epoch 25
Training Classes: [ 0  1  2  3  5  6  7  8  9 11 13 14 15 16 17 18 19 20 21 22 23 24 25 26
 27 28 29 30], Validation Classes: [ 0  1  2  3  5  6  7  8  9 11 13 14 15 16 17 18 19 20 21 22 23 24 25 26
 27 28 29 30]
Augmentor LR: 0.0001, Trigger Times: 0, Scheduler: Plateau
Classifier LR: 0.0001, Trigger Times: 0, Scheduler: Plateau
Epoch: 26, Training - Augmentor Loss: 1.420108578984582, Training - Classifier Loss: 246.1217536230882, Training F1: 0.6226636703488925, Validation Loss: 0.12490324379023289, Validation F1: 0.5283362989377985, Best F1: 0.5283362989377985 at Epoch 26
Training Classes: [ 0  1  2  3  4  5  6  7  8  9 11 13 14 15 16 17 18 19 20 21 22 23 24 25
 26 27 28 29 30], Validation Classes: [ 0  1  2  3  4  5  6  7  8  9 11 13 14 15 16 17 18 19 20 21 22 23 24 25
 26 27 28 29 30]
Augmentor LR: 0.0001, Trigger Times: 0, Scheduler: Plateau
Classifier LR: 0.0001, Trigger Times: 0, Scheduler: Plateau
Epoch: 27, Training - Augmentor Loss: 1.4252300063975174, Training - Classifier Loss: 245.7196301917235, Training F1: 0.631521320703658, Validation Loss: 0.12444577319416066, Validation F1: 0.5400694992469511, Best F1: 0.5400694992469511 at Epoch 27
Training Classes: [ 0  1  2  3  4  5  6  7  8  9 11 13 14 15 16 17 18 19 20 21 22 23 24 25
 26 27 28 29 30], Validation Classes: [ 0  1  2  3  4  5  6  7  8  9 11 13 14 15 16 17 18 19 20 21 22 23 24 25
 26 27 28 29 30]
Augmentor LR: 0.0001, Trigger Times: 0, Scheduler: Plateau
Classifier LR: 0.0001, Trigger Times: 0, Scheduler: Plateau
Epoch: 28, Training - Augmentor Loss: 1.4431402859778852, Training - Classifier Loss: 245.13401354352632, Training F1: 0.6389459571091965, Validation Loss: 0.1253249779856858, Validation F1: 0.5268541032264283, Best F1: 0.5400694992469511 at Epoch 27
Training Classes: [ 0  1  2  3  4  5  6  7  8  9 11 13 14 15 16 17 18 19 20 21 22 23 24 25
 26 27 28 29 30], Validation Classes: [ 0  1  2  3  4  5  6  7  8  9 11 13 14 15 16 17 18 19 20 21 22 23 24 25
 26 27 28 29 30]
Augmentor LR: 0.0001, Trigger Times: 1, Scheduler: Plateau
Classifier LR: 0.0001, Trigger Times: 1, Scheduler: Plateau
Epoch: 29, Training - Augmentor Loss: 1.4688440881557956, Training - Classifier Loss: 245.0810668269793, Training F1: 0.6400040135744153, Validation Loss: 0.12408674268114035, Validation F1: 0.5524312373843488, Best F1: 0.5524312373843488 at Epoch 29
Training Classes: [ 0  1  2  3  4  5  6  7  8  9 11 13 14 15 16 17 18 19 20 21 22 23 24 25
 26 27 28 29 30], Validation Classes: [ 0  1  2  3  4  5  6  7  8  9 11 13 14 15 16 17 18 19 20 21 22 23 24 25
 26 27 28 29 30]
Augmentor LR: 0.0001, Trigger Times: 0, Scheduler: Plateau
Classifier LR: 0.0001, Trigger Times: 0, Scheduler: Plateau
Epoch: 30, Training - Augmentor Loss: 1.4175642568019005, Training - Classifier Loss: 244.5993807812532, Training F1: 0.6460019511985122, Validation Loss: 0.12505401883806502, Validation F1: 0.5380447864734935, Best F1: 0.5524312373843488 at Epoch 29
Training Classes: [ 0  1  2  3  4  5  6  7  8  9 11 13 14 15 16 17 18 19 20 21 22 23 24 25
 26 27 28 29 30], Validation Classes: [ 0  1  2  3  4  5  6  7  8  9 11 13 14 15 16 17 18 19 20 21 22 23 24 25
 26 27 28 29 30]
Augmentor LR: 0.0001, Trigger Times: 1, Scheduler: Plateau
Classifier LR: 0.0001, Trigger Times: 1, Scheduler: Plateau
Epoch: 31, Training - Augmentor Loss: 1.4977226138974704, Training - Classifier Loss: 244.2635699013869, Training F1: 0.6493778606083005, Validation Loss: 0.12451191395437024, Validation F1: 0.5420870224050947, Best F1: 0.5524312373843488 at Epoch 29
Training Classes: [ 0  1  2  3  4  5  6  7  8  9 11 13 14 15 16 17 18 19 20 21 22 23 24 25
 26 27 28 29 30], Validation Classes: [ 0  1  2  3  4  5  6  7  8  9 11 13 14 15 16 17 18 19 20 21 22 23 24 25
 26 27 28 29 30]
Augmentor LR: 0.0001, Trigger Times: 2, Scheduler: Plateau
Classifier LR: 0.0001, Trigger Times: 2, Scheduler: Plateau
Epoch: 32, Training - Augmentor Loss: 1.4318274087842535, Training - Classifier Loss: 244.1347681482633, Training F1: 0.6515322700399722, Validation Loss: 0.1246969694474671, Validation F1: 0.5456130005181488, Best F1: 0.5524312373843488 at Epoch 29
Training Classes: [ 0  1  2  3  4  5  6  7  8  9 11 13 14 15 16 17 18 19 20 21 22 23 24 25
 26 27 28 29 30], Validation Classes: [ 0  1  2  3  4  5  6  7  8  9 11 13 14 15 16 17 18 19 20 21 22 23 24 25
 26 27 28 29 30]
Augmentor LR: 0.0001, Trigger Times: 3, Scheduler: Plateau
Classifier LR: 0.0001, Trigger Times: 3, Scheduler: Plateau
Epoch: 33, Training - Augmentor Loss: 1.432696842694592, Training - Classifier Loss: 243.86077305674553, Training F1: 0.656023774187053, Validation Loss: 0.12389835107804421, Validation F1: 0.5487680315316468, Best F1: 0.5524312373843488 at Epoch 29
Training Classes: [ 0  1  2  3  4  5  6  7  8  9 11 13 14 15 16 17 18 19 20 21 22 23 24 25
 26 27 28 29 30], Validation Classes: [ 0  1  2  3  4  5  6  7  8  9 11 13 14 15 16 17 18 19 20 21 22 23 24 25
 26 27 28 29 30]
Augmentor LR: 0.0001, Trigger Times: 4, Scheduler: Plateau
Classifier LR: 0.0001, Trigger Times: 4, Scheduler: Plateau
Epoch: 34, Training - Augmentor Loss: 1.4615519756171125, Training - Classifier Loss: 243.6809183259805, Training F1: 0.656654368578618, Validation Loss: 0.12431903655484597, Validation F1: 0.5453004788073047, Best F1: 0.5524312373843488 at Epoch 29
Training Classes: [ 0  1  2  3  4  5  6  7  8  9 11 13 14 15 16 17 18 19 20 21 22 23 24 25
 26 27 28 29 30], Validation Classes: [ 0  1  2  3  4  5  6  7  8  9 11 13 14 15 16 17 18 19 20 21 22 23 24 25
 26 27 28 29 30]
Augmentor LR: 0.0001, Trigger Times: 5, Scheduler: Plateau
Classifier LR: 0.0001, Trigger Times: 5, Scheduler: Plateau
Epoch: 35, Training - Augmentor Loss: 1.47622550074387, Training - Classifier Loss: 243.525688936313, Training F1: 0.6575503118651913, Validation Loss: 0.12410492953575647, Validation F1: 0.5532873195200345, Best F1: 0.5532873195200345 at Epoch 35
Training Classes: [ 0  1  2  3  4  5  6  7  8  9 11 13 14 15 16 17 18 19 20 21 22 23 24 25
 26 27 28 29 30 32], Validation Classes: [ 0  1  2  3  4  5  6  7  8  9 11 13 14 15 16 17 18 19 20 21 22 23 24 25
 26 27 28 29 30]
Augmentor LR: 0.0001, Trigger Times: 0, Scheduler: Plateau
Classifier LR: 0.0001, Trigger Times: 0, Scheduler: Plateau
Epoch: 36, Training - Augmentor Loss: 1.5676948497769747, Training - Classifier Loss: 243.01360077659288, Training F1: 0.6677650156165512, Validation Loss: 0.12421854601816429, Validation F1: 0.5553077120697667, Best F1: 0.5553077120697667 at Epoch 36
Training Classes: [ 0  1  2  3  4  5  6  7  8  9 11 13 14 15 16 17 18 19 20 21 22 23 24 25
 26 27 28 29 30 32], Validation Classes: [ 0  1  2  3  4  5  6  7  8  9 11 13 14 15 16 17 18 19 20 21 22 23 24 25
 26 27 28 29 30 32]
Augmentor LR: 0.0001, Trigger Times: 0, Scheduler: Plateau
Classifier LR: 0.0001, Trigger Times: 0, Scheduler: Plateau
Epoch: 37, Training - Augmentor Loss: 1.4377754937128582, Training - Classifier Loss: 242.54230213165283, Training F1: 0.6768094638436849, Validation Loss: 0.12365066729178878, Validation F1: 0.5596638390489562, Best F1: 0.5596638390489562 at Epoch 37
Training Classes: [ 0  1  2  3  4  5  6  7  8  9 11 13 14 15 16 17 18 19 20 21 22 23 24 25
 26 27 28 29 30 32], Validation Classes: [ 0  1  2  3  4  5  6  7  8  9 11 13 14 15 16 17 18 19 20 21 22 23 24 25
 26 27 28 29 30 32]
Augmentor LR: 0.0001, Trigger Times: 0, Scheduler: Plateau
Classifier LR: 0.0001, Trigger Times: 0, Scheduler: Plateau
Epoch: 38, Training - Augmentor Loss: 1.5152693537432544, Training - Classifier Loss: 242.32871410250664, Training F1: 0.6781277319526215, Validation Loss: 0.12425134829516332, Validation F1: 0.5535515401554963, Best F1: 0.5596638390489562 at Epoch 37
Training Classes: [ 0  1  2  3  4  5  6  7  8  9 11 13 14 15 16 17 18 19 20 21 22 23 24 25
 26 27 28 29 30 32], Validation Classes: [ 0  1  2  3  4  5  6  7  8  9 11 13 14 15 16 17 18 19 20 21 22 23 24 25
 26 27 28 29 30 32]
Augmentor LR: 0.0001, Trigger Times: 1, Scheduler: Plateau
Classifier LR: 0.0001, Trigger Times: 1, Scheduler: Plateau
Epoch: 39, Training - Augmentor Loss: 1.4544090884440568, Training - Classifier Loss: 242.11194012562433, Training F1: 0.68156649439694, Validation Loss: 0.123530001777636, Validation F1: 0.5714410909184394, Best F1: 0.5714410909184394 at Epoch 39
Training Classes: [ 0  1  2  3  4  5  6  7  8  9 11 13 14 15 16 17 18 19 20 21 22 23 24 25
 26 27 28 29 30 32], Validation Classes: [ 0  1  2  3  4  5  6  7  8  9 11 13 14 15 16 17 18 19 20 21 22 23 24 25
 26 27 28 29 30 32]
Augmentor LR: 0.0001, Trigger Times: 0, Scheduler: Plateau
Classifier LR: 0.0001, Trigger Times: 0, Scheduler: Plateau
Epoch: 40, Training - Augmentor Loss: 1.5279878307240626, Training - Classifier Loss: 241.460383584102, Training F1: 0.6901171825585207, Validation Loss: 0.12304272522433608, Validation F1: 0.5786542307462912, Best F1: 0.5786542307462912 at Epoch 40
Training Classes: [ 0  1  2  3  4  5  6  7  8  9 10 11 13 14 15 16 17 18 19 20 21 22 23 24
 25 26 27 28 29 30 32], Validation Classes: [ 0  1  2  3  4  5  6  7  8  9 10 11 13 14 15 16 17 18 19 20 21 22 23 24
 25 26 27 28 29 30 32]
Augmentor LR: 0.0001, Trigger Times: 0, Scheduler: Plateau
Classifier LR: 0.0001, Trigger Times: 0, Scheduler: Plateau
Epoch: 41, Training - Augmentor Loss: 1.4741895275437855, Training - Classifier Loss: 241.5347753961881, Training F1: 0.6937752585010227, Validation Loss: 0.12165440791478473, Validation F1: 0.6424854653632861, Best F1: 0.6424854653632861 at Epoch 41
Training Classes: [ 0  1  2  3  4  5  6  7  8  9 10 11 13 14 15 16 17 18 19 20 21 22 23 24
 25 26 27 28 29 30 32], Validation Classes: [ 0  1  2  3  4  5  6  7  8  9 10 11 13 14 15 16 17 18 19 20 21 22 23 24
 25 26 27 28 29 30 32]
Augmentor LR: 0.0001, Trigger Times: 0, Scheduler: Plateau
Classifier LR: 0.0001, Trigger Times: 0, Scheduler: Plateau
Epoch: 42, Training - Augmentor Loss: 1.4889734103356507, Training - Classifier Loss: 241.27115839719772, Training F1: 0.6977946397873547, Validation Loss: 0.12208129375550385, Validation F1: 0.6408110938805929, Best F1: 0.6424854653632861 at Epoch 41
Training Classes: [ 0  1  2  3  4  5  6  7  8  9 10 11 13 14 15 16 17 18 19 20 21 22 23 24
 25 26 27 28 29 30 32], Validation Classes: [ 0  1  2  3  4  5  6  7  8  9 10 11 13 14 15 16 17 18 19 20 21 22 23 24
 25 26 27 28 29 30 32]
Augmentor LR: 0.0001, Trigger Times: 1, Scheduler: Plateau
Classifier LR: 0.0001, Trigger Times: 1, Scheduler: Plateau
Epoch: 43, Training - Augmentor Loss: 1.459006693320892, Training - Classifier Loss: 241.02057686448097, Training F1: 0.70006178512138, Validation Loss: 0.12140073848941917, Validation F1: 0.6569117050815363, Best F1: 0.6569117050815363 at Epoch 43
Training Classes: [ 0  1  2  3  4  5  6  7  8  9 10 11 13 14 15 16 17 18 19 20 21 22 23 24
 25 26 27 28 29 30 32], Validation Classes: [ 0  1  2  3  4  5  6  7  8  9 10 11 13 14 15 16 17 18 19 20 21 22 23 24
 25 26 27 28 29 30 32]
Augmentor LR: 0.0001, Trigger Times: 0, Scheduler: Plateau
Classifier LR: 0.0001, Trigger Times: 0, Scheduler: Plateau
Epoch: 44, Training - Augmentor Loss: 1.5625601220108365, Training - Classifier Loss: 240.5455061296622, Training F1: 0.7057284522052177, Validation Loss: 0.12082131254948983, Validation F1: 0.6662164149937608, Best F1: 0.6662164149937608 at Epoch 44
Training Classes: [ 0  1  2  3  4  5  6  7  8  9 10 11 13 14 15 16 17 18 19 20 21 22 23 24
 25 26 27 28 29 30 32], Validation Classes: [ 0  1  2  3  4  5  6  7  8  9 10 11 13 14 15 16 17 18 19 20 21 22 23 24
 25 26 27 28 29 30 32]
Augmentor LR: 0.0001, Trigger Times: 0, Scheduler: Plateau
Classifier LR: 0.0001, Trigger Times: 0, Scheduler: Plateau
Epoch: 45, Training - Augmentor Loss: 1.4448881356893253, Training - Classifier Loss: 240.29074947039285, Training F1: 0.7109000824826559, Validation Loss: 0.12096141032214086, Validation F1: 0.6676079420750453, Best F1: 0.6676079420750453 at Epoch 45
Training Classes: [ 0  1  2  3  4  5  6  7  8  9 10 11 13 14 15 16 17 18 19 20 21 22 23 24
 25 26 27 28 29 30 32], Validation Classes: [ 0  1  2  3  4  5  6  7  8  9 10 11 13 14 15 16 17 18 19 20 21 22 23 24
 25 26 27 28 29 30 32]
Augmentor LR: 0.0001, Trigger Times: 0, Scheduler: Plateau
Classifier LR: 0.0001, Trigger Times: 0, Scheduler: Plateau
Epoch: 46, Training - Augmentor Loss: 1.4762607495637592, Training - Classifier Loss: 240.26164029041925, Training F1: 0.7102445086263596, Validation Loss: 0.1203750566464235, Validation F1: 0.672187224243531, Best F1: 0.672187224243531 at Epoch 46
Training Classes: [ 0  1  2  3  4  5  6  7  8  9 10 11 13 14 15 16 17 18 19 20 21 22 23 24
 25 26 27 28 29 30 32], Validation Classes: [ 0  1  2  3  4  5  6  7  8  9 10 11 13 14 15 16 17 18 19 20 21 22 23 24
 25 26 27 28 29 30 32]
Augmentor LR: 0.0001, Trigger Times: 0, Scheduler: Plateau
Classifier LR: 0.0001, Trigger Times: 0, Scheduler: Plateau
Epoch: 47, Training - Augmentor Loss: 1.4797771608088321, Training - Classifier Loss: 240.00196815530458, Training F1: 0.7149610962012255, Validation Loss: 0.12085741431884077, Validation F1: 0.6658330568589118, Best F1: 0.672187224243531 at Epoch 46
Training Classes: [ 0  1  2  3  4  5  6  7  8  9 10 11 13 14 15 16 17 18 19 20 21 22 23 24
 25 26 27 28 29 30 32], Validation Classes: [ 0  1  2  3  4  5  6  7  8  9 10 11 13 14 15 16 17 18 19 20 21 22 23 24
 25 26 27 28 29 30 32]
Augmentor LR: 0.0001, Trigger Times: 1, Scheduler: Plateau
Classifier LR: 0.0001, Trigger Times: 1, Scheduler: Plateau
Epoch: 48, Training - Augmentor Loss: 1.4873754735993618, Training - Classifier Loss: 239.8442345658938, Training F1: 0.7154729004316593, Validation Loss: 0.12030880616789548, Validation F1: 0.6749996303807159, Best F1: 0.6749996303807159 at Epoch 48
Training Classes: [ 0  1  2  3  4  5  6  7  8  9 10 11 13 14 15 16 17 18 19 20 21 22 23 24
 25 26 27 28 29 30 32], Validation Classes: [ 0  1  2  3  4  5  6  7  8  9 10 11 13 14 15 16 17 18 19 20 21 22 23 24
 25 26 27 28 29 30 32]
Augmentor LR: 0.0001, Trigger Times: 0, Scheduler: Plateau
Classifier LR: 0.0001, Trigger Times: 0, Scheduler: Plateau
Epoch: 49, Training - Augmentor Loss: 1.4895417313285482, Training - Classifier Loss: 239.346077978611, Training F1: 0.7214713203343092, Validation Loss: 0.11992848141593222, Validation F1: 0.6868349104193187, Best F1: 0.6868349104193187 at Epoch 49
Training Classes: [ 0  1  2  3  4  5  6  7  8  9 10 11 13 14 15 16 17 18 19 20 21 22 23 24
 25 26 27 28 29 30 32], Validation Classes: [ 0  1  2  3  4  5  6  7  8  9 10 11 13 14 15 16 17 18 19 20 21 22 23 24
 25 26 27 28 29 30 32]
Augmentor LR: 0.0001, Trigger Times: 0, Scheduler: Plateau
Classifier LR: 0.0001, Trigger Times: 0, Scheduler: Plateau
Epoch: 50, Training - Augmentor Loss: 1.417018915611455, Training - Classifier Loss: 239.4675463438034, Training F1: 0.7203263093612936, Validation Loss: 0.12034082991601652, Validation F1: 0.6714220726982072, Best F1: 0.6868349104193187 at Epoch 49
Training Classes: [ 0  1  2  3  4  5  6  7  8  9 10 11 13 14 15 16 17 18 19 20 21 22 23 24
 25 26 27 28 29 30 32], Validation Classes: [ 0  1  2  3  4  5  6  7  8  9 10 11 13 14 15 16 17 18 19 20 21 22 23 24
 25 26 27 28 29 30 32]
Augmentor LR: 0.0001, Trigger Times: 1, Scheduler: Plateau
Classifier LR: 0.0001, Trigger Times: 1, Scheduler: Plateau
Epoch: 51, Training - Augmentor Loss: 1.547665230568479, Training - Classifier Loss: 239.26603241761526, Training F1: 0.7219216234068644, Validation Loss: 0.11957182781902294, Validation F1: 0.6868861771056122, Best F1: 0.6868861771056122 at Epoch 51
Training Classes: [ 0  1  2  3  4  5  6  7  8  9 10 11 13 14 15 16 17 18 19 20 21 22 23 24
 25 26 27 28 29 30 32], Validation Classes: [ 0  1  2  3  4  5  6  7  8  9 10 11 13 14 15 16 17 18 19 20 21 22 23 24
 25 26 27 28 29 30 32]
Augmentor LR: 0.0001, Trigger Times: 0, Scheduler: Plateau
Classifier LR: 0.0001, Trigger Times: 0, Scheduler: Plateau
Epoch: 52, Training - Augmentor Loss: 1.4964163250500253, Training - Classifier Loss: 239.08410300811133, Training F1: 0.7255528005221236, Validation Loss: 0.1197014684262483, Validation F1: 0.690507814334197, Best F1: 0.690507814334197 at Epoch 52
Training Classes: [ 0  1  2  3  4  5  6  7  8  9 10 11 13 14 15 16 17 18 19 20 21 22 23 24
 25 26 27 28 29 30 32], Validation Classes: [ 0  1  2  3  4  5  6  7  8  9 10 11 13 14 15 16 17 18 19 20 21 22 23 24
 25 26 27 28 29 30 32]
Augmentor LR: 0.0001, Trigger Times: 0, Scheduler: Plateau
Classifier LR: 0.0001, Trigger Times: 0, Scheduler: Plateau
Epoch: 53, Training - Augmentor Loss: 1.4437397347340568, Training - Classifier Loss: 239.052653580904, Training F1: 0.724186882087584, Validation Loss: 0.1205882474165862, Validation F1: 0.6643585566329507, Best F1: 0.690507814334197 at Epoch 52
Training Classes: [ 0  1  2  3  4  5  6  7  8  9 10 11 13 14 15 16 17 18 19 20 21 22 23 24
 25 26 27 28 29 30 32], Validation Classes: [ 0  1  2  3  4  5  6  7  8  9 10 11 13 14 15 16 17 18 19 20 21 22 23 24
 25 26 27 28 29 30 32]
Augmentor LR: 0.0001, Trigger Times: 1, Scheduler: Plateau
Classifier LR: 0.0001, Trigger Times: 1, Scheduler: Plateau
Epoch: 54, Training - Augmentor Loss: 1.4886321339557373, Training - Classifier Loss: 238.72059193253517, Training F1: 0.7285740008180942, Validation Loss: 0.12019591032617312, Validation F1: 0.6719572921997116, Best F1: 0.690507814334197 at Epoch 52
Training Classes: [ 0  1  2  3  4  5  6  7  8  9 10 11 13 14 15 16 17 18 19 20 21 22 23 24
 25 26 27 28 29 30 32], Validation Classes: [ 0  1  2  3  4  5  6  7  8  9 10 11 13 14 15 16 17 18 19 20 21 22 23 24
 25 26 27 28 29 30 32]
Augmentor LR: 0.0001, Trigger Times: 2, Scheduler: Plateau
Classifier LR: 0.0001, Trigger Times: 2, Scheduler: Plateau
Epoch: 55, Training - Augmentor Loss: 1.4637242472163052, Training - Classifier Loss: 238.741105000178, Training F1: 0.7300472854517479, Validation Loss: 0.11943589813085952, Validation F1: 0.6989618172384522, Best F1: 0.6989618172384522 at Epoch 55
Training Classes: [ 0  1  2  3  4  5  6  7  8  9 10 11 13 14 15 16 17 18 19 20 21 22 23 24
 25 26 27 28 29 30 32], Validation Classes: [ 0  1  2  3  4  5  6  7  8  9 10 11 13 14 15 16 17 18 19 20 21 22 23 24
 25 26 27 28 29 30 32]
Augmentor LR: 0.0001, Trigger Times: 0, Scheduler: Plateau
